<?xml version="1.0" encoding="UTF-8"?>
<testsuite name="Verify the correct functioning of the purchasing process in yourStore" tests="1" skipped="0" failures="0" errors="0" timestamp="2022-09-20T16:09:51" hostname="CHBOGML-145875" time="24.123">
  <properties/>
  <testcase name="Make a purchase on the yourStore Website" classname="Verify the correct functioning of the purchasing process in yourStore" time="24.123"/>
  <system-out><![CDATA[Button confirm Order
your order has been placed!
]]></system-out>
  <system-err><![CDATA[sep 20, 2022 11:09:52 AM org.openqa.selenium.remote.DesiredCapabilities chrome
INFORMACIÓN: Using `new ChromeOptions()` is preferred to `DesiredCapabilities.chrome()`
Starting ChromeDriver 105.0.5195.52 (412c95e518836d8a7d97250d62b29c2ae6a26a85-refs/branch-heads/5195@{#853}) on port 4121
Only local connections are allowed.
Please see https://chromedriver.chromium.org/security-considerations for suggestions on keeping ChromeDriver safe.
ChromeDriver was started successfully.
sep 20, 2022 11:09:54 AM org.openqa.selenium.remote.ProtocolHandshake createSession
INFORMACIÓN: Detected dialect: W3C
[Test worker] INFO net.serenitybdd.core.Serenity - 
        __    _____ _____ ____ _____   ____   _    ____  ____  _____ ____  
  _     \ \  |_   _| ____/ ___|_   _| |  _ \ / \  / ___|/ ___|| ____|  _ \ 
 (_)_____| |   | | |  _| \___ \ | |   | |_) / _ \ \___ \\___ \|  _| | | | |
  _|_____| |   | | | |___ ___) || |   |  __/ ___ \ ___) |___) | |___| |_| |
 (_)     | |   |_| |_____|____/ |_|   |_| /_/   \_\____/|____/|_____|____/ 
        /_/                                                                

TEST PASSED: Make a purchase on the yourStore Website
----------------------------------------------------------------------------
]]></system-err>
</testsuite>
